mode: set
s3migration/cmd/dryrun.go:15.13,19.2 3 0
s3migration/cmd/dryrun.go:25.47,26.139 1 0
s3migration/cmd/dryrun.go:26.139,28.4 1 0
s3migration/cmd/root.go:36.13,48.2 10 0
s3migration/cmd/root.go:50.20,50.21 0 0
s3migration/cmd/root.go:58.16,59.42 1 0
s3migration/cmd/root.go:59.42,62.3 2 0
s3migration/cmd/run.go:25.13,36.2 8 0
s3migration/cmd/run.go:42.54,43.62 1 0
s3migration/cmd/run.go:43.62,45.4 1 0
s3migration/cmd/run.go:46.3,62.54 3 0
s3migration/cmd/run.go:62.54,64.4 1 0
s3migration/cmd/run.go:65.3,65.13 1 0
s3migration/cmd/run.go:70.60,72.41 1 0
s3migration/cmd/run.go:72.41,73.38 1 0
s3migration/cmd/run.go:74.14,75.33 1 0
s3migration/cmd/run.go:76.13,77.32 1 0
s3migration/cmd/run.go:78.11,79.94 1 0
s3migration/cmd/run.go:83.2,83.60 1 0
s3migration/cmd/run.go:83.60,84.37 1 0
s3migration/cmd/run.go:84.37,86.4 1 0
s3migration/cmd/run.go:87.3,87.26 1 0
s3migration/cmd/run.go:89.2,91.16 3 0
s3migration/cmd/run.go:91.16,94.3 1 0
s3migration/cmd/run.go:95.2,96.16 2 0
s3migration/cmd/run.go:96.16,100.3 1 0
s3migration/cmd/run.go:103.2,103.65 1 0
s3migration/cmd/run.go:103.65,105.3 1 0
s3migration/cmd/run.go:108.2,108.152 1 0
s3migration/cmd/run.go:108.152,110.3 1 0
s3migration/cmd/run.go:112.2,112.12 1 0
s3migration/main.go:5.13,7.2 1 0
s3migration/migration/preflight.go:33.134,35.16 2 0
s3migration/migration/preflight.go:35.16,37.3 1 0
s3migration/migration/preflight.go:39.2,46.16 5 0
s3migration/migration/preflight.go:46.16,48.3 1 0
s3migration/migration/preflight.go:49.2,50.24 2 0
s3migration/migration/preflight.go:50.24,52.18 2 0
s3migration/migration/preflight.go:52.18,54.4 1 0
s3migration/migration/preflight.go:55.3,59.4 3 0
s3migration/migration/preflight.go:60.8,62.18 2 0
s3migration/migration/preflight.go:62.18,64.4 1 0
s3migration/migration/preflight.go:65.3,67.4 1 0
s3migration/migration/preflight.go:69.2,69.12 1 0
s3migration/migration/preflight.go:72.64,78.16 3 0
s3migration/migration/preflight.go:78.16,83.3 1 0
s3migration/migration/preflight.go:84.2,90.17 3 0
s3migration/migration/preflight.go:90.17,92.27 2 0
s3migration/migration/preflight.go:92.27,98.4 1 0
s3migration/migration/preflight.go:99.3,99.14 1 0
s3migration/migration/preflight.go:101.2,107.23 4 0
s3migration/migration/preflight.go:107.23,109.3 1 0
s3migration/migration/preflight.go:111.2,111.12 1 0
s3migration/migration/preflight.go:115.97,120.16 4 0
s3migration/migration/preflight.go:120.16,126.3 1 0
s3migration/migration/preflight.go:128.2,129.16 2 0
s3migration/migration/preflight.go:129.16,131.3 1 0
s3migration/migration/preflight.go:133.2,135.17 3 0
s3migration/migration/preflight.go:135.17,137.3 1 0
s3migration/migration/preflight.go:138.2,144.19 3 0
s3migration/migration/preflight.go:144.19,146.3 1 0
s3migration/migration/preflight.go:147.2,159.17 4 0
s3migration/migration/preflight.go:159.17,163.3 1 0
s3migration/migration/preflight.go:164.2,164.52 1 0
s3migration/migration/preflight.go:164.52,168.3 1 0
s3migration/migration/preflight.go:170.2,170.24 1 0
s3migration/migration/preflight.go:170.24,172.98 2 0
s3migration/migration/preflight.go:172.98,175.4 1 0
s3migration/migration/preflight.go:178.2,178.12 1 0
s3migration/migration/preflight.go:184.44,191.6 4 0
s3migration/migration/preflight.go:191.6,193.34 2 0
s3migration/migration/preflight.go:193.34,195.4 1 0
s3migration/migration/preflight.go:197.3,198.7 2 0
s3migration/migration/preflight.go:198.7,200.45 2 0
s3migration/migration/preflight.go:200.45,201.10 1 0
s3migration/migration/preflight.go:203.4,204.11 2 0
s3migration/migration/preflight.go:206.3,206.20 1 0
s3migration/migration/preflight.go:206.20,207.9 1 0
s3migration/migration/preflight.go:211.2,211.19 1 0
s3migration/migration/preflight.go:215.73,219.32 2 1
s3migration/migration/preflight.go:219.32,222.3 2 1
s3migration/migration/preflight.go:224.2,250.14 2 1
s3migration/migration/s3copy.go:26.13,28.39 2 1
s3migration/migration/s3copy.go:28.39,30.3 1 0
s3migration/migration/s3copy.go:31.2,31.28 1 1
s3migration/migration/s3copy.go:43.163,55.16 3 1
s3migration/migration/s3copy.go:55.16,57.26 2 0
s3migration/migration/s3copy.go:57.26,59.47 1 0
s3migration/migration/s3copy.go:59.47,61.5 1 0
s3migration/migration/s3copy.go:63.4,63.21 1 0
s3migration/migration/s3copy.go:63.21,66.5 2 0
s3migration/migration/s3copy.go:72.2,72.75 1 1
s3migration/migration/s3copy.go:72.75,74.3 1 0
s3migration/migration/s3copy.go:76.2,78.57 2 1
s3migration/migration/s3copy.go:78.57,80.88 2 0
s3migration/migration/s3copy.go:80.88,82.4 1 0
s3migration/migration/s3copy.go:83.3,84.79 2 0
s3migration/migration/s3copy.go:84.79,86.4 1 0
s3migration/migration/s3copy.go:87.3,91.9 1 0
s3migration/migration/s3copy.go:93.2,131.8 3 1
s3migration/migration/s3copy.go:134.132,147.16 5 1
s3migration/migration/s3copy.go:147.16,149.3 1 0
s3migration/migration/s3copy.go:151.2,159.35 3 1
s3migration/migration/s3copy.go:159.35,161.90 1 1
s3migration/migration/s3copy.go:161.90,163.4 1 1
s3migration/migration/s3copy.go:166.2,166.25 1 1
s3migration/migration/s3copy.go:166.25,172.3 2 1
s3migration/migration/s3copy.go:173.2,175.27 2 1
s3migration/migration/s3copy.go:178.98,181.16 2 1
s3migration/migration/s3copy.go:181.16,183.3 1 0
s3migration/migration/s3copy.go:184.2,184.30 1 1
s3migration/migration/s3copy.go:187.133,193.16 2 0
s3migration/migration/s3copy.go:193.16,195.3 1 0
s3migration/migration/s3copy.go:197.2,200.16 4 0
s3migration/migration/s3copy.go:200.16,202.3 1 0
s3migration/migration/s3copy.go:204.2,204.63 1 0
s3migration/migration/s3copy.go:204.63,206.3 1 0
s3migration/migration/s3copy.go:208.2,208.30 1 0
s3migration/migration/s3copy.go:213.73,215.16 2 0
s3migration/migration/s3copy.go:215.16,217.3 1 0
s3migration/migration/s3copy.go:219.2,226.16 4 0
s3migration/migration/s3copy.go:226.16,228.3 1 0
s3migration/migration/s3copy.go:229.2,234.66 3 0
s3migration/migration/s3copy.go:238.118,256.16 2 0
s3migration/migration/s3copy.go:256.16,263.3 1 0
s3migration/migration/s3copy.go:264.2,264.54 1 0
s3migration/migration/s3copy.go:267.123,270.76 1 0
s3migration/migration/s3copy.go:270.76,274.3 3 0
s3migration/migration/s3copy.go:276.2,283.16 2 0
s3migration/migration/s3copy.go:283.16,289.3 1 0
s3migration/migration/s3copy.go:290.2,298.17 3 0
s3migration/migration/s3copy.go:298.17,304.3 1 0
s3migration/migration/s3copy.go:307.2,310.8 1 0
s3migration/migration/s3copy.go:315.97,319.16 2 0
s3migration/migration/s3copy.go:319.16,321.3 1 0
s3migration/migration/s3copy.go:322.2,322.51 1 0
s3migration/migration/s3copy.go:322.51,323.73 1 0
s3migration/migration/s3copy.go:323.73,325.4 1 0
s3migration/migration/s3copy.go:327.2,327.19 1 0
s3migration/migration/s3copy.go:330.36,336.16 4 0
s3migration/migration/s3copy.go:336.16,342.3 1 0
s3migration/migration/s3copy.go:343.2,345.17 3 0
s3migration/migration/s3copy.go:345.17,347.3 1 0
s3migration/migration/s3copy.go:348.2,354.19 4 0
s3migration/migration/s3copy.go:354.19,356.3 1 0
s3migration/migration/s3copy.go:357.2,372.6 4 0
s3migration/migration/s3copy.go:372.6,374.18 2 0
s3migration/migration/s3copy.go:374.18,378.12 2 0
s3migration/migration/s3copy.go:380.3,380.53 1 0
s3migration/migration/s3copy.go:380.53,384.9 2 0
s3migration/migration/s3copy.go:386.3,386.15 1 0
s3migration/migration/s3copy.go:386.15,388.4 1 0
s3migration/migration/s3copy.go:389.3,394.23 3 0
s3migration/migration/s3copy.go:398.2,416.16 4 0
s3migration/migration/s3copy.go:416.16,418.3 1 0
s3migration/migration/s3copy.go:421.2,423.41 3 0
s3migration/migration/s3copy.go:423.41,425.20 2 0
s3migration/migration/s3copy.go:425.20,427.4 1 0
s3migration/migration/s3copy.go:428.3,429.17 2 0
s3migration/migration/s3copy.go:429.17,434.4 1 0
s3migration/migration/s3copy.go:437.2,437.38 1 0
s3migration/migration/s3copy.go:437.38,439.42 1 0
s3migration/migration/s3copy.go:439.42,440.44 1 0
s3migration/migration/s3copy.go:440.44,443.55 3 0
s3migration/migration/s3copy.go:443.55,448.6 1 0
s3migration/migration/s3copy.go:452.3,453.20 2 0
s3migration/migration/s3copy.go:453.20,455.4 1 0
s3migration/migration/s3copy.go:456.3,457.17 2 0
s3migration/migration/s3copy.go:457.17,462.4 1 0
s3migration/migration/s3copy.go:465.2,466.52 2 0
s3migration/migration/s3copy.go:466.52,471.3 1 0
s3migration/migration/s3copy.go:472.2,476.12 2 0
s3migration/migration/s3copy.go:480.150,486.6 3 0
s3migration/migration/s3copy.go:486.6,491.26 2 0
s3migration/migration/s3copy.go:491.26,493.4 1 0
s3migration/migration/s3copy.go:494.3,501.44 2 0
s3migration/migration/s3copy.go:501.44,503.4 1 0
s3migration/migration/s3copy.go:506.3,507.31 2 0
s3migration/migration/s3copy.go:511.159,514.124 2 0
s3migration/migration/s3copy.go:514.124,517.17 3 0
s3migration/migration/s3copy.go:517.17,519.4 1 0
s3migration/migration/s3copy.go:521.3,530.17 7 0
s3migration/migration/s3copy.go:530.17,532.4 1 0
s3migration/migration/s3copy.go:533.3,533.29 1 0
s3migration/migration/s3copy.go:533.29,536.4 2 0
s3migration/migration/s3copy.go:538.3,538.19 1 0
s3migration/migration/s3copy.go:542.2,542.32 1 0
s3migration/migration/s3copy.go:542.32,545.3 2 0
s3migration/migration/s3copy.go:547.2,547.33 1 0
s3migration/migration/s3copy.go:547.33,550.3 2 0
s3migration/migration/s3copy.go:555.2,561.23 5 0
s3migration/migration/types.go:70.52,72.2 1 0
s3migration/util/helper.go:19.31,21.2 1 0
s3migration/util/helper.go:25.55,29.2 1 0
s3migration/util/helper.go:37.60,39.14 1 0
s3migration/util/helper.go:39.14,45.3 2 0
s3migration/util/helper.go:46.2,47.6 2 0
s3migration/util/helper.go:47.6,49.27 1 0
s3migration/util/helper.go:49.27,53.32 4 0
s3migration/util/helper.go:53.32,55.5 1 0
s3migration/util/helper.go:58.3,59.10 2 0
s3migration/util/helper.go:59.10,62.26 3 0
s3migration/util/helper.go:62.26,64.5 1 0
s3migration/util/helper.go:65.4,65.20 1 0
s3migration/util/helper.go:67.3,67.27 1 0
s3migration/util/helper.go:68.61,71.32 3 0
s3migration/util/helper.go:71.32,73.5 1 0
s3migration/util/helper.go:74.4,74.32 1 0
s3migration/util/helper.go:74.32,76.5 1 0
s3migration/util/helper.go:77.57,81.26 2 0
s3migration/util/helper.go:81.26,83.5 1 0
s3migration/util/helper.go:84.4,84.20 1 0
s3migration/util/helper.go:85.11,85.11 0 0
s3migration/util/helper.go:92.75,98.27 2 1
s3migration/util/helper.go:98.27,99.17 1 1
s3migration/util/helper.go:99.17,100.12 1 0
s3migration/util/helper.go:102.3,102.54 1 1
s3migration/util/helper.go:102.54,107.12 2 1
s3migration/util/helper.go:109.3,110.75 2 1
s3migration/util/helper.go:112.2,112.28 1 1
s3migration/util/helper.go:112.28,114.3 1 1
s3migration/util/helper.go:116.2,116.30 1 1
s3migration/util/helper.go:126.130,129.24 2 1
s3migration/util/helper.go:129.24,132.3 2 1
s3migration/util/helper.go:134.2,135.16 2 1
s3migration/util/helper.go:135.16,137.3 1 0
s3migration/util/helper.go:139.2,139.56 1 1
s3migration/util/helper.go:139.56,141.10 2 1
s3migration/util/helper.go:141.10,143.4 1 1
s3migration/util/helper.go:144.3,144.18 1 1
s3migration/util/helper.go:147.2,147.36 1 1
s3migration/util/helper.go:147.36,149.3 1 1
s3migration/util/helper.go:151.2,151.44 1 1
s3migration/util/helper.go:151.44,153.17 2 1
s3migration/util/helper.go:153.17,155.4 1 0
s3migration/util/helper.go:156.3,156.21 1 1
s3migration/util/helper.go:157.20,158.56 1 1
s3migration/util/helper.go:159.19,160.57 1 1
s3migration/util/helper.go:165.2,165.9 1 1
s3migration/util/helper.go:166.44,168.17 2 1
s3migration/util/helper.go:168.17,170.4 1 1
s3migration/util/helper.go:170.9,172.4 1 1
s3migration/util/helper.go:173.25,175.17 2 1
s3migration/util/helper.go:175.17,177.4 1 0
s3migration/util/helper.go:177.9,179.4 1 1
s3migration/util/helper.go:180.23,182.17 2 1
s3migration/util/helper.go:182.17,184.4 1 0
s3migration/util/helper.go:184.9,186.4 1 1
s3migration/util/helper.go:189.2,190.19 2 1
s3migration/util/helper.go:193.68,195.44 2 1
s3migration/util/helper.go:195.44,197.3 1 0
s3migration/util/helper.go:198.2,199.38 2 1
s3migration/util/helper.go:199.38,201.3 1 1
s3migration/util/helper.go:202.2,202.27 1 1
s3migration/util/helper.go:205.52,206.38 1 1
s3migration/util/helper.go:206.38,208.3 1 1
s3migration/util/helper.go:209.2,209.40 1 1
s3migration/util/helper.go:212.19,213.39 1 0
s3migration/util/helper.go:213.39,215.3 1 0
